GC Precious Log:
 CardTable entry size: 512
 Card Set container configuration: InlinePtr #cards 5 size 8 Array Of Cards #cards 12 size 40 Howl #buckets 4 coarsen threshold 1843 Howl Bitmap #cards 512 size 80 coarsen threshold 460 Card regions per heap region 1 cards per card region 2048
 CPUs: 6 total, 6 available
 Memory: 7541M
 Large Page Support: Disabled
 NUMA Support: Disabled
 Compressed Oops: Enabled (32-bit)
 Heap Region Size: 1M
 Heap Min Capacity: 8M
 Heap Initial Capacity: 118M
 Heap Max Capacity: 1886M
 Pre-touch: Disabled
 Parallel Workers: 6
 Concurrent Workers: 2
 Concurrent Refinement Workers: 6
 Periodic GC: Disabled
Heap:
 garbage-first heap   total 63488K, used 49285K [0x000000008a200000, 0x0000000100000000)
  region size 1024K, 28 young (28672K), 1 survivors (1024K)
 Metaspace       used 46739K, committed 47168K, reserved 1114112K
  class space    used 5843K, committed 6016K, reserved 1048576K
GC Heap History (20 events):
Event: 91049.501 GC heap before
{Heap before GC invocations=92 (full 5):
 garbage-first heap   total 63488K, used 51178K [0x000000008a200000, 0x0000000100000000)
  region size 1024K, 29 young (29696K), 1 survivors (1024K)
 Metaspace       used 46717K, committed 47104K, reserved 1114112K
  class space    used 5842K, committed 6016K, reserved 1048576K
}
Event: 91049.502 GC heap after
{Heap after GC invocations=93 (full 5):
 garbage-first heap   total 63488K, used 22614K [0x000000008a200000, 0x0000000100000000)
  region size 1024K, 1 young (1024K), 1 survivors (1024K)
 Metaspace       used 46717K, committed 47104K, reserved 1114112K
  class space    used 5842K, committed 6016K, reserved 1048576K
}
Event: 92321.500 GC heap before
{Heap before GC invocations=93 (full 5):
 garbage-first heap   total 63488K, used 51286K [0x000000008a200000, 0x0000000100000000)
  region size 1024K, 29 young (29696K), 1 survivors (1024K)
 Metaspace       used 46717K, committed 47104K, reserved 1114112K
  class space    used 5842K, committed 6016K, reserved 1048576K
}
Event: 92321.501 GC heap after
{Heap after GC invocations=94 (full 5):
 garbage-first heap   total 63488K, used 22650K [0x000000008a200000, 0x0000000100000000)
  region size 1024K, 1 young (1024K), 1 survivors (1024K)
 Metaspace       used 46717K, committed 47104K, reserved 1114112K
  class space    used 5842K, committed 6016K, reserved 1048576K
}
Event: 93581.498 GC heap before
{Heap before GC invocations=94 (full 5):
 garbage-first heap   total 63488K, used 51322K [0x000000008a200000, 0x0000000100000000)
  region size 1024K, 29 young (29696K), 1 survivors (1024K)
 Metaspace       used 46717K, committed 47104K, reserved 1114112K
  class space    used 5842K, committed 6016K, reserved 1048576K
}
Event: 93581.499 GC heap after
{Heap after GC invocations=95 (full 5):
 garbage-first heap   total 63488K, used 22663K [0x000000008a200000, 0x0000000100000000)
  region size 1024K, 1 young (1024K), 1 survivors (1024K)
 Metaspace       used 46717K, committed 47104K, reserved 1114112K
  class space    used 5842K, committed 6016K, reserved 1048576K
}
Event: 94878.645 GC heap before
{Heap before GC invocations=95 (full 5):
 garbage-first heap   total 63488K, used 50311K [0x000000008a200000, 0x0000000100000000)
  region size 1024K, 28 young (28672K), 1 survivors (1024K)
 Metaspace       used 46717K, committed 47104K, reserved 1114112K
  class space    used 5842K, committed 6016K, reserved 1048576K
}
Event: 94878.657 GC heap after
{Heap after GC invocations=96 (full 5):
 garbage-first heap   total 63488K, used 22485K [0x000000008a200000, 0x0000000100000000)
  region size 1024K, 1 young (1024K), 1 survivors (1024K)
 Metaspace       used 46717K, committed 47104K, reserved 1114112K
  class space    used 5842K, committed 6016K, reserved 1048576K
}
Event: 96137.500 GC heap before
{Heap before GC invocations=96 (full 5):
 garbage-first heap   total 63488K, used 51157K [0x000000008a200000, 0x0000000100000000)
  region size 1024K, 29 young (29696K), 1 survivors (1024K)
 Metaspace       used 46718K, committed 47104K, reserved 1114112K
  class space    used 5842K, committed 6016K, reserved 1048576K
}
Event: 96137.501 GC heap after
{Heap after GC invocations=97 (full 5):
 garbage-first heap   total 63488K, used 22655K [0x000000008a200000, 0x0000000100000000)
  region size 1024K, 1 young (1024K), 1 survivors (1024K)
 Metaspace       used 46718K, committed 47104K, reserved 1114112K
  class space    used 5842K, committed 6016K, reserved 1048576K
}
Event: 97390.498 GC heap before
{Heap before GC invocations=97 (full 5):
 garbage-first heap   total 63488K, used 51327K [0x000000008a200000, 0x0000000100000000)
  region size 1024K, 29 young (29696K), 1 survivors (1024K)
 Metaspace       used 46723K, committed 47168K, reserved 1114112K
  class space    used 5842K, committed 6016K, reserved 1048576K
}
Event: 97390.510 GC heap after
{Heap after GC invocations=98 (full 5):
 garbage-first heap   total 63488K, used 22669K [0x000000008a200000, 0x0000000100000000)
  region size 1024K, 1 young (1024K), 1 survivors (1024K)
 Metaspace       used 46723K, committed 47168K, reserved 1114112K
  class space    used 5842K, committed 6016K, reserved 1048576K
}
Event: 98713.498 GC heap before
{Heap before GC invocations=98 (full 5):
 garbage-first heap   total 63488K, used 51341K [0x000000008a200000, 0x0000000100000000)
  region size 1024K, 29 young (29696K), 1 survivors (1024K)
 Metaspace       used 46723K, committed 47168K, reserved 1114112K
  class space    used 5842K, committed 6016K, reserved 1048576K
}
Event: 98713.500 GC heap after
{Heap after GC invocations=99 (full 5):
 garbage-first heap   total 63488K, used 22539K [0x000000008a200000, 0x0000000100000000)
  region size 1024K, 1 young (1024K), 1 survivors (1024K)
 Metaspace       used 46723K, committed 47168K, reserved 1114112K
  class space    used 5842K, committed 6016K, reserved 1048576K
}
Event: 99996.510 GC heap before
{Heap before GC invocations=99 (full 5):
 garbage-first heap   total 63488K, used 51211K [0x000000008a200000, 0x0000000100000000)
  region size 1024K, 29 young (29696K), 1 survivors (1024K)
 Metaspace       used 46734K, committed 47168K, reserved 1114112K
  class space    used 5842K, committed 6016K, reserved 1048576K
}
Event: 99996.548 GC heap after
{Heap after GC invocations=100 (full 5):
 garbage-first heap   total 63488K, used 22614K [0x000000008a200000, 0x0000000100000000)
  region size 1024K, 1 young (1024K), 1 survivors (1024K)
 Metaspace       used 46734K, committed 47168K, reserved 1114112K
  class space    used 5842K, committed 6016K, reserved 1048576K
}
Event: 101267.498 GC heap before
{Heap before GC invocations=100 (full 5):
 garbage-first heap   total 63488K, used 51286K [0x000000008a200000, 0x0000000100000000)
  region size 1024K, 29 young (29696K), 1 survivors (1024K)
 Metaspace       used 46736K, committed 47168K, reserved 1114112K
  class space    used 5842K, committed 6016K, reserved 1048576K
}
Event: 101267.500 GC heap after
{Heap after GC invocations=101 (full 5):
 garbage-first heap   total 63488K, used 22653K [0x000000008a200000, 0x0000000100000000)
  region size 1024K, 1 young (1024K), 1 survivors (1024K)
 Metaspace       used 46736K, committed 47168K, reserved 1114112K
  class space    used 5842K, committed 6016K, reserved 1048576K
}
Event: 102466.507 GC heap before
{Heap before GC invocations=101 (full 5):
 garbage-first heap   total 63488K, used 50301K [0x000000008a200000, 0x0000000100000000)
  region size 1024K, 28 young (28672K), 1 survivors (1024K)
 Metaspace       used 46736K, committed 47168K, reserved 1114112K
  class space    used 5842K, committed 6016K, reserved 1048576K
}
Event: 102466.509 GC heap after
{Heap after GC invocations=102 (full 5):
 garbage-first heap   total 63488K, used 22661K [0x000000008a200000, 0x0000000100000000)
  region size 1024K, 1 young (1024K), 1 survivors (1024K)
 Metaspace       used 46736K, committed 47168K, reserved 1114112K
  class space    used 5842K, committed 6016K, reserved 1048576K
}

